0 info it worked if it ends with ok
1 verbose cli [ '/Users/ohgyun/.nvm/versions/node/v6.2.1/bin/node',
1 verbose cli   '/Users/ohgyun/.nvm/versions/node/v6.2.1/bin/npm',
1 verbose cli   'publish' ]
2 info using npm@3.9.3
3 info using node@v6.2.1
4 verbose publish [ '.' ]
5 silly cache add args [ '.', null ]
6 verbose cache add spec .
7 silly cache add parsed spec Result {
7 silly cache add   raw: '.',
7 silly cache add   scope: null,
7 silly cache add   name: null,
7 silly cache add   rawSpec: '.',
7 silly cache add   spec: '/Users/ohgyun/mywork/git-workspace/korean-numbers',
7 silly cache add   type: 'directory' }
8 verbose addLocalDirectory /Users/ohgyun/.npm/korean-numbers/0.1.0/package.tgz not in flight; packing
9 verbose correctMkdir /Users/ohgyun/.npm correctMkdir not in flight; initializing
10 info lifecycle korean-numbers@0.1.0~prepublish: korean-numbers@0.1.0
11 silly lifecycle korean-numbers@0.1.0~prepublish: no script for prepublish, continuing
12 verbose tar pack [ '/Users/ohgyun/.npm/korean-numbers/0.1.0/package.tgz',
12 verbose tar pack   '/Users/ohgyun/mywork/git-workspace/korean-numbers' ]
13 verbose tarball /Users/ohgyun/.npm/korean-numbers/0.1.0/package.tgz
14 verbose folder /Users/ohgyun/mywork/git-workspace/korean-numbers
15 verbose addLocalTarball adding from inside cache /Users/ohgyun/.npm/korean-numbers/0.1.0/package.tgz
16 verbose correctMkdir /Users/ohgyun/.npm correctMkdir not in flight; initializing
17 silly cache afterAdd korean-numbers@0.1.0
18 verbose afterAdd /Users/ohgyun/.npm/korean-numbers/0.1.0/package/package.json not in flight; writing
19 verbose correctMkdir /Users/ohgyun/.npm correctMkdir not in flight; initializing
20 verbose afterAdd /Users/ohgyun/.npm/korean-numbers/0.1.0/package/package.json written
21 silly publish { name: 'korean-numbers',
21 silly publish   version: '0.1.0',
21 silly publish   description: 'Parse "Korean Numbers" to a numeric value.',
21 silly publish   main: 'korean-numbers.js',
21 silly publish   scripts: { test: 'node ./tests/test.js' },
21 silly publish   repository:
21 silly publish    { type: 'git',
21 silly publish      url: 'git+https://github.com/ohgyun/korean-numbers.git' },
21 silly publish   author: { name: 'Ohgyun Ahn' },
21 silly publish   license: 'MIT',
21 silly publish   readme: 'This is a javascript utility that parse "Korean Numbers"(like 백이십삼만) to a numeric value.\n\n## Installation\n\nYou can install via npm:\n```\n$ npm install korean-numbers\n```\n\nor download [korean-numbers.js](https://raw.githubusercontent.com/ohgyun/korean-numbers/master/korean-numbers.js) directly.\n\nkorean-numbers.js is available in CommonJS and AMD module formats.\n\n\n## Usage\n\nLoading:\n```\n// In CommonJS module\nvar koreanNumbers = require(\'korean-numbers\');\n\n// In AMD module\nrequire([\n    \'koreanNumbers\'\n], function (koreanNumbers) {\n    ...\n});\n```\n\nParsing:\n```\n// Parse korean numbers\nkoreanNumbers.parse(\'백이십삼만\'); //-> 1230000\nkoreanNumbers.parse(\'123만\'); //-> 1230000\n\n// Parse korean money\nkoreanNumbers.parseMoney(\'백이십삼만원\'); //-> 1230000\nkoreanNumbers.parseMoney(\'123만원\'); //-> 1230000\n```\n\n\n## Test\n\n```\n$ npm test\n```\n\n\n## License\n\nkorean-numbers.js is freely distributable under the terms of the [MIT license](https://github.com/ohgyun/korean-numbers/blob/master/LICENSE).',
21 silly publish   readmeFilename: 'README.md',
21 silly publish   gitHead: '4d71d42980fdd742a558e849445a1a118a0e9f78',
21 silly publish   bugs: { url: 'https://github.com/ohgyun/korean-numbers/issues' },
21 silly publish   homepage: 'https://github.com/ohgyun/korean-numbers#readme',
21 silly publish   _id: 'korean-numbers@0.1.0',
21 silly publish   _shasum: '838147cef7ae530c0e16ce436822fe5df7880d80',
21 silly publish   _from: '.' }
22 verbose getPublishConfig undefined
23 silly mapToRegistry name korean-numbers
24 silly mapToRegistry using default registry
25 silly mapToRegistry registry https://registry.npmjs.org/
26 silly mapToRegistry data Result {
26 silly mapToRegistry   raw: 'korean-numbers',
26 silly mapToRegistry   scope: null,
26 silly mapToRegistry   name: 'korean-numbers',
26 silly mapToRegistry   rawSpec: '',
26 silly mapToRegistry   spec: 'latest',
26 silly mapToRegistry   type: 'tag' }
27 silly mapToRegistry uri https://registry.npmjs.org/korean-numbers
28 verbose publish registryBase https://registry.npmjs.org/
29 silly publish uploading /Users/ohgyun/.npm/korean-numbers/0.1.0/package.tgz
30 verbose request uri https://registry.npmjs.org/korean-numbers
31 verbose request sending authorization for write operation
32 info attempt registry request try #1 at 7:00:25 PM
33 verbose request using bearer token for auth
34 verbose request id eb2b8baf7e0692b7
35 http request PUT https://registry.npmjs.org/korean-numbers
36 http 403 https://registry.npmjs.org/korean-numbers
37 verbose headers { 'content-type': 'application/json',
37 verbose headers   'cache-control': 'max-age=300',
37 verbose headers   'content-length': '95',
37 verbose headers   'accept-ranges': 'bytes',
37 verbose headers   date: 'Fri, 17 Jun 2016 10:00:26 GMT',
37 verbose headers   via: '1.1 varnish',
37 verbose headers   connection: 'keep-alive',
37 verbose headers   'x-served-by': 'cache-nrt6126-NRT',
37 verbose headers   'x-cache': 'MISS',
37 verbose headers   'x-cache-hits': '0',
37 verbose headers   'x-timer': 'S1466157626.132316,VS0,VE462',
37 verbose headers   vary: 'Accept-Encoding' }
38 verbose request invalidating /Users/ohgyun/.npm/registry.npmjs.org/korean-numbers on PUT
39 error publish Failed PUT 403
40 verbose stack Error: "You cannot publish over the previously published version 0.1.0." : korean-numbers
40 verbose stack     at makeError (/Users/ohgyun/.nvm/versions/node/v6.2.1/lib/node_modules/npm/node_modules/npm-registry-client/lib/request.js:264:12)
40 verbose stack     at CachingRegistryClient.<anonymous> (/Users/ohgyun/.nvm/versions/node/v6.2.1/lib/node_modules/npm/node_modules/npm-registry-client/lib/request.js:252:14)
40 verbose stack     at Request._callback (/Users/ohgyun/.nvm/versions/node/v6.2.1/lib/node_modules/npm/node_modules/npm-registry-client/lib/request.js:172:14)
40 verbose stack     at Request.self.callback (/Users/ohgyun/.nvm/versions/node/v6.2.1/lib/node_modules/npm/node_modules/request/request.js:200:22)
40 verbose stack     at emitTwo (events.js:106:13)
40 verbose stack     at Request.emit (events.js:191:7)
40 verbose stack     at Request.<anonymous> (/Users/ohgyun/.nvm/versions/node/v6.2.1/lib/node_modules/npm/node_modules/request/request.js:1067:10)
40 verbose stack     at emitOne (events.js:101:20)
40 verbose stack     at Request.emit (events.js:188:7)
40 verbose stack     at IncomingMessage.<anonymous> (/Users/ohgyun/.nvm/versions/node/v6.2.1/lib/node_modules/npm/node_modules/request/request.js:988:12)
41 verbose statusCode 403
42 verbose pkgid korean-numbers
43 verbose cwd /Users/ohgyun/mywork/git-workspace/korean-numbers
44 error Darwin 15.5.0
45 error argv "/Users/ohgyun/.nvm/versions/node/v6.2.1/bin/node" "/Users/ohgyun/.nvm/versions/node/v6.2.1/bin/npm" "publish"
46 error node v6.2.1
47 error npm  v3.9.3
48 error code E403
49 error "You cannot publish over the previously published version 0.1.0." : korean-numbers
50 error If you need help, you may report this error at:
50 error     <https://github.com/npm/npm/issues>
51 verbose exit [ 1, true ]
